ürün adı Samsung A51 128Gb
!! ürün silindi -> Samsung A51 128Gb
!! ürün silindi -> Samsung A51 128Gb
ürün adı Samsung A51 128Gb
!! ürün silindi -> Samsung A51 128Gb
!! ürün silindi -> Samsung A51 128Gb
ürün adı Samsung A51 128Gb
!! ürün silindi -> Samsung A51 128Gb
!! ürün silindi -> Samsung A51 128Gb
Start!
Jdbc ile veritabanına eklendi
ürün adı Samsung A51 128Gb
Database logger: ürün adı Samsung A51 128Gb
!! ürün silindi -> Samsung A51 128Gb
!! ürün silindi -> Samsung A51 128Gb
Start!
Jdbc ile veritabanına eklendi
ürün adı Samsung A51 128Gb
Database logger: ürün adı Samsung A51 128Gb
Jdbc ile veritabanına eklendi
ürün adı Apple X 256Gb
Database logger: ürün adı Apple X 256Gb
!! ürün silindi -> Samsung A51 128Gb
!! ürün silindi -> Samsung A51 128Gb
